2020-12-23 23:27:15 INFO  LogInController:52 - INFO: User logged in: Username: Employee.
2020-12-23 23:27:59 INFO  LogInController:73 - INFO: User logged in: Username: F_Manager.
2020-12-23 23:36:39 INFO  LogInController:52 - INFO: User logged in: Username: Employee.
2020-12-24 20:49:26 INFO  LogInController:52 - INFO: User logged in: Username: Employee.
2020-12-24 22:16:49 INFO  LogInController:73 - INFO: User logged in: Username: F_Manager.
2020-12-24 22:17:35 INFO  LogInController:73 - INFO: User logged in: Username: F_Manager.
2020-12-24 22:20:46 INFO  LogInController:73 - INFO: User logged in: Username: F_Manager.
2020-12-24 22:22:06 INFO  LogInController:73 - INFO: User logged in: Username: F_Manager.
2020-12-24 22:24:44 INFO  LogInController:73 - INFO: User logged in: Username: F_Manager.
2020-12-24 22:30:53 INFO  LogInController:73 - INFO: User logged in: Username: F_Manager.
2020-12-24 22:31:01 INFO  LogInController:73 - INFO: User logged in: Username: F_Manager.
2020-12-24 22:31:52 INFO  LogInController:52 - INFO: User logged in: Username: Employee.
2020-12-24 22:33:38 INFO  LogInController:52 - INFO: User logged in: Username: Employee.
2020-12-24 22:33:46 INFO  LogInController:52 - INFO: User logged in: Username: Employee.
2020-12-24 22:37:49 INFO  LogInController:52 - INFO: User logged in: Username: Employee.
2020-12-24 22:38:17 INFO  LogInController:52 - INFO: User logged in: Username: Employee.
2020-12-24 22:38:57 INFO  LogInController:52 - INFO: User logged in: Username: Employee.
2020-12-24 22:39:38 INFO  LogInController:52 - INFO: User logged in: Username: Employee.
2020-12-24 22:40:15 INFO  LogInController:52 - INFO: User logged in: Username: Employee.
2020-12-24 22:40:53 INFO  LogInController:52 - INFO: User logged in: Username: Employee.
2020-12-24 22:58:26 INFO  LogInController:73 - INFO: User logged in: Username: F_Manager.
2020-12-25 22:22:08 INFO  LogInController:52 - INFO: User logged in: Username: Employee.
2020-12-25 22:54:41 INFO  LogInController:52 - INFO: User logged in: Username: Employee.
2020-12-25 23:24:50 INFO  LogInController:52 - INFO: User logged in: Username: Employee.
2020-12-25 23:55:50 INFO  LogInController:52 - INFO: User logged in: Username: Employee.
2020-12-25 23:56:15 INFO  LogInController:52 - INFO: User logged in: Username: Employee.
2020-12-26 00:00:29 INFO  LogInController:52 - INFO: User logged in: Username: Employee.
2020-12-26 00:02:26 INFO  LogInController:52 - INFO: User logged in: Username: Employee.
2020-12-26 00:03:04 INFO  LogInController:52 - INFO: User logged in: Username: Employee.
2020-12-26 00:03:23 INFO  LogInController:52 - INFO: User logged in: Username: Employee.
2020-12-26 00:03:59 INFO  LogInController:52 - INFO: User logged in: Username: Employee.
2020-12-26 00:06:44 INFO  LogInController:52 - INFO: User logged in: Username: Employee.
2020-12-26 00:10:22 INFO  LogInController:52 - INFO: User logged in: Username: Employee.
2020-12-26 00:13:19 INFO  LogInController:52 - INFO: User logged in: Username: Employee.
2020-12-26 00:13:26 INFO  LogInController:52 - INFO: User logged in: Username: Employee.
2020-12-26 00:15:21 INFO  LogInController:52 - INFO: User logged in: Username: Employee.
2020-12-26 00:16:16 INFO  LogInController:52 - INFO: User logged in: Username: Employee.
2020-12-26 00:16:52 INFO  LogInController:52 - INFO: User logged in: Username: Employee.
2020-12-26 00:16:59 INFO  LogInController:52 - INFO: User logged in: Username: Employee.
2020-12-26 00:17:36 INFO  LogInController:52 - INFO: User logged in: Username: Employee.
2020-12-26 00:18:53 INFO  LogInController:52 - INFO: User logged in: Username: Employee.
2020-12-26 00:19:53 INFO  LogInController:52 - INFO: User logged in: Username: Employee.
2020-12-26 00:33:57 INFO  LogInController:52 - INFO: User logged in: Username: Employee.
2020-12-26 00:35:29 INFO  LogInController:73 - INFO: User logged in: Username: F_Manager.
2020-12-26 00:36:55 INFO  LogInController:73 - INFO: User logged in: Username: F_Manager.
2020-12-26 00:39:32 INFO  LogInController:73 - INFO: User logged in: Username: F_Manager.
2020-12-26 00:39:40 INFO  LogInController:73 - INFO: User logged in: Username: F_Manager.
2020-12-26 00:52:24 INFO  LogInController:52 - INFO: User logged in: Username: Employee.
2020-12-26 00:53:47 INFO  LogInController:52 - INFO: User logged in: Username: Employee.
2020-12-26 00:55:49 INFO  LogInController:52 - INFO: User logged in: Username: Employee.
2020-12-26 00:57:16 INFO  LogInController:52 - INFO: User logged in: Username: Employee.
2020-12-26 00:57:37 INFO  LogInController:52 - INFO: User logged in: Username: Employee.
2020-12-26 00:59:15 INFO  LogInController:73 - INFO: User logged in: Username: F_Manager.
2020-12-26 00:59:57 INFO  LogInController:73 - INFO: User logged in: Username: F_Manager.
2020-12-26 01:03:26 INFO  LogInController:73 - INFO: User logged in: Username: F_Manager.
2020-12-26 01:03:33 INFO  LogInController:52 - INFO: User logged in: Username: Employee.
2020-12-26 01:03:44 INFO  LogInController:73 - INFO: User logged in: Username: F_Manager.
2020-12-26 01:21:20 INFO  LogInController:73 - INFO: User logged in: Username: F_Manager.
2020-12-26 01:21:36 INFO  LogInController:73 - INFO: User logged in: Username: F_Manager.
2020-12-26 01:21:43 INFO  LogInController:73 - INFO: User logged in: Username: F_Manager.
2020-12-26 01:22:16 INFO  LogInController:73 - INFO: User logged in: Username: F_Manager.
2020-12-26 01:22:48 INFO  LogInController:73 - INFO: User logged in: Username: F_Manager.
2020-12-26 01:23:14 INFO  LogInController:73 - INFO: User logged in: Username: F_Manager.
2020-12-26 23:12:56 INFO  LogInController:52 - INFO: User logged in: Username: Employee.
2020-12-26 23:13:13 INFO  LogInController:73 - INFO: User logged in: Username: F_Manager.
2020-12-26 23:16:57 INFO  LogInController:52 - INFO: User logged in: Username: Employee.
2020-12-26 23:17:30 INFO  LogInController:52 - INFO: User logged in: Username: Employee.
2020-12-26 23:17:45 INFO  LogInController:52 - INFO: User logged in: Username: Employee.
2020-12-26 23:18:11 INFO  LogInController:52 - INFO: User logged in: Username: Employee.
2020-12-26 23:21:27 INFO  LogInController:52 - INFO: User logged in: Username: Employee.
2020-12-26 23:21:53 INFO  LogInController:52 - INFO: User logged in: Username: Employee.
2020-12-26 23:22:48 INFO  LogInController:52 - INFO: User logged in: Username: Employee.
2020-12-26 23:24:36 INFO  LogInController:52 - INFO: User logged in: Username: Employee.
2020-12-26 23:24:53 INFO  LogInController:52 - INFO: User logged in: Username: Employee.
2020-12-26 23:25:10 INFO  LogInController:52 - INFO: User logged in: Username: Employee.
2020-12-26 23:25:29 INFO  LogInController:52 - INFO: User logged in: Username: Employee.
2020-12-26 23:25:36 INFO  LogInController:52 - INFO: User logged in: Username: Employee.
2020-12-26 23:25:40 INFO  LogInController:52 - INFO: User logged in: Username: Employee.
2020-12-26 23:25:45 INFO  LogInController:52 - INFO: User logged in: Username: Employee.
2020-12-26 23:25:52 INFO  LogInController:52 - INFO: User logged in: Username: Employee.
2020-12-26 23:27:00 INFO  LogInController:73 - INFO: User logged in: Username: F_Manager.
2020-12-26 23:28:12 INFO  LogInController:73 - INFO: User logged in: Username: F_Manager.
2020-12-26 23:28:41 INFO  LogInController:73 - INFO: User logged in: Username: F_Manager.
2020-12-26 23:29:14 INFO  LogInController:73 - INFO: User logged in: Username: F_Manager.
2020-12-26 23:29:49 INFO  LogInController:52 - INFO: User logged in: Username: Employee.
2020-12-26 23:31:06 INFO  LogInController:52 - INFO: User logged in: Username: Employee.
2020-12-26 23:32:16 INFO  LogInController:52 - INFO: User logged in: Username: Employee.
2020-12-26 23:32:34 INFO  LogInController:52 - INFO: User logged in: Username: Employee.
2020-12-26 23:32:44 INFO  LogInController:52 - INFO: User logged in: Username: Employee.
2020-12-26 23:33:35 INFO  LogInController:52 - INFO: User logged in: Username: Employee.
2020-12-26 23:34:08 INFO  LogInController:52 - INFO: User logged in: Username: Employee.
2020-12-26 23:34:16 INFO  LogInController:52 - INFO: User logged in: Username: Employee.
2020-12-26 23:34:36 INFO  LogInController:52 - INFO: User logged in: Username: Employee.
2020-12-26 23:34:52 INFO  LogInController:52 - INFO: User logged in: Username: Employee.
2020-12-26 23:35:05 INFO  LogInController:52 - INFO: User logged in: Username: Employee.
2020-12-26 23:35:36 INFO  LogInController:52 - INFO: User logged in: Username: Employee.
2020-12-26 23:35:51 INFO  LogInController:52 - INFO: User logged in: Username: Employee.
2020-12-26 23:36:04 INFO  LogInController:52 - INFO: User logged in: Username: Employee.
2020-12-26 23:36:14 INFO  LogInController:52 - INFO: User logged in: Username: Employee.
2020-12-26 23:36:50 INFO  LogInController:52 - INFO: User logged in: Username: Employee.
2020-12-26 23:37:01 INFO  LogInController:52 - INFO: User logged in: Username: Employee.
2020-12-26 23:37:15 INFO  LogInController:52 - INFO: User logged in: Username: Employee.
2020-12-26 23:37:33 INFO  LogInController:52 - INFO: User logged in: Username: Employee.
2020-12-26 23:38:21 INFO  LogInController:52 - INFO: User logged in: Username: Employee.
2020-12-26 23:40:03 INFO  LogInController:52 - INFO: User logged in: Username: Employee.
2020-12-26 23:42:09 INFO  LogInController:52 - INFO: User logged in: Username: Employee.
2020-12-26 23:43:38 INFO  LogInController:52 - INFO: User logged in: Username: Employee.
2020-12-26 23:46:39 INFO  LogInController:52 - INFO: User logged in: Username: Employee.
2020-12-26 23:47:08 INFO  LogInController:52 - INFO: User logged in: Username: Employee.
2020-12-26 23:47:18 INFO  LogInController:52 - INFO: User logged in: Username: Employee.
2020-12-26 23:47:26 INFO  LogInController:52 - INFO: User logged in: Username: Employee.
2020-12-26 23:49:28 INFO  LogInController:52 - INFO: User logged in: Username: Employee.
2020-12-26 23:49:53 INFO  LogInController:52 - INFO: User logged in: Username: Employee.
2020-12-26 23:50:01 INFO  LogInController:52 - INFO: User logged in: Username: Employee.
2020-12-26 23:50:10 INFO  LogInController:52 - INFO: User logged in: Username: Employee.
2020-12-26 23:50:13 INFO  LogInController:52 - INFO: User logged in: Username: Employee.
2020-12-26 23:50:36 INFO  LogInController:52 - INFO: User logged in: Username: Employee.
2020-12-26 23:50:59 INFO  LogInController:52 - INFO: User logged in: Username: Employee.
2020-12-26 23:51:08 INFO  LogInController:52 - INFO: User logged in: Username: Employee.
2020-12-26 23:51:20 INFO  LogInController:52 - INFO: User logged in: Username: Employee.
2020-12-26 23:51:33 INFO  LogInController:52 - INFO: User logged in: Username: Employee.
2020-12-26 23:51:42 INFO  LogInController:52 - INFO: User logged in: Username: Employee.
2020-12-26 23:51:59 INFO  LogInController:52 - INFO: User logged in: Username: Employee.
2020-12-26 23:52:06 INFO  LogInController:52 - INFO: User logged in: Username: Employee.
2020-12-26 23:52:13 INFO  LogInController:52 - INFO: User logged in: Username: Employee.
2020-12-26 23:52:39 INFO  LogInController:52 - INFO: User logged in: Username: Employee.
2020-12-26 23:54:00 INFO  LogInController:52 - INFO: User logged in: Username: Employee.
2020-12-26 23:54:41 INFO  LogInController:52 - INFO: User logged in: Username: Employee.
2020-12-26 23:55:13 INFO  LogInController:52 - INFO: User logged in: Username: Employee.
2020-12-27 00:01:10 INFO  LogInController:52 - INFO: User logged in: Username: Employee.
2020-12-27 00:01:52 INFO  LogInController:73 - INFO: User logged in: Username: F_Manager.
2020-12-27 00:03:21 INFO  LogInController:73 - INFO: User logged in: Username: F_Manager.
2020-12-27 00:05:37 INFO  LogInController:73 - INFO: User logged in: Username: F_Manager.
2020-12-27 00:07:00 INFO  LogInController:52 - INFO: User logged in: Username: Employee.
2020-12-27 00:09:01 INFO  LogInController:73 - INFO: User logged in: Username: F_Manager.
2020-12-27 00:10:49 INFO  LogInController:73 - INFO: User logged in: Username: F_Manager.
2020-12-27 00:18:24 INFO  LogInController:52 - INFO: User logged in: Username: Employee.
2020-12-27 00:18:40 INFO  LogInController:52 - INFO: User logged in: Username: Employee.
2020-12-27 00:19:26 INFO  LogInController:73 - INFO: User logged in: Username: F_Manager.
2020-12-27 15:42:26 INFO  LogInController:52 - INFO: User logged in: Username: Employee.
2020-12-27 15:42:30 INFO  LogInController:52 - INFO: User logged in: Username: Employee.
2020-12-27 15:42:33 INFO  LogInController:52 - INFO: User logged in: Username: Employee.
2020-12-27 15:42:40 INFO  LogInController:52 - INFO: User logged in: Username: Emp.
2020-12-27 15:43:10 INFO  ReimbursementServiceImpl:48 - INFO: New reimbursement created: Amount: 43.27, Description: I want to buy more opossums, Author: 3, Type ID: 2.
2020-12-27 15:43:27 INFO  LogInController:73 - INFO: User logged in: Username: F_Manager.
2020-12-27 15:43:37 INFO  ReimbursementServiceImpl:100 - INFO: Reimbursement updated: Reimbursement ID: 13, Author: 3, Resolver: 2, Status ID: 1.
2020-12-27 15:57:30 INFO  LogInController:73 - INFO: User logged in: Username: F_Manager.
2020-12-27 15:58:05 INFO  LogInController:52 - INFO: User logged in: Username: Emp.
2020-12-27 15:59:52 INFO  LogInController:52 - INFO: User logged in: Username: Emp.
2020-12-27 16:00:05 INFO  ReimbursementServiceImpl:48 - INFO: New reimbursement created: Amount: 3.5, Description: Loch ness monster payment, Author: 3, Type ID: 0.
2020-12-27 16:03:02 INFO  LogInController:52 - INFO: User logged in: Username: Franz.
2020-12-27 16:03:31 INFO  ReimbursementServiceImpl:48 - INFO: New reimbursement created: Amount: 100.0, Description: Plagiarism fee, Author: 5, Type ID: 3.
2020-12-28 12:03:13 INFO  LogInController:52 - INFO: User logged in: Username: Emp.
2020-12-28 12:03:43 INFO  LogInController:52 - INFO: User logged in: Username: Employee.
2020-12-28 12:03:56 INFO  ReimbursementServiceImpl:48 - INFO: New reimbursement created: Amount: 3.75, Description: Snacks, Author: 1, Type ID: 2.
2020-12-28 12:04:15 INFO  LogInController:73 - INFO: User logged in: Username: F_Manager.
2020-12-28 12:04:36 INFO  ReimbursementServiceImpl:100 - INFO: Reimbursement updated: Reimbursement ID: 16, Author: 1, Resolver: 2, Status ID: 1.
